<?xml version="1.0" encoding="UTF-8"?>
<testsuite xmlns:xsi="http://www.w3.org/2001/XMLSchema-instance" xsi:noNamespaceSchemaLocation="https://maven.apache.org/surefire/maven-surefire-plugin/xsd/surefire-test-report.xsd" name="com.info.ApplicationTests" time="4.009" tests="7" errors="0" skipped="0" failures="0">
  <properties>
[...]
</properties>
  <testcase name="queryById" classname="com.info.ApplicationTests" time="0.565"/>
  <testcase name="queryAllUserQusestion" classname="com.info.ApplicationTests" time="0.004"/>
  <testcase name="queryAllUserResult" classname="com.info.ApplicationTests" time="0.021"/>
  <testcase name="loginIn" classname="com.info.ApplicationTests" time="0.013"/>
  <testcase name="queryAllUser" classname="com.info.ApplicationTests" time="0.003"/>
  <testcase name="checkUserId" classname="com.info.ApplicationTests" time="0.004"/>
  <testcase name="findByUserId" classname="com.info.ApplicationTests" time="0.004"/>
</testsuite>